610
3508
760
64873
120
1124
3792
114
3342
34448
3
125
3342
618
488
81522
2350
362
769
83160
596
74
3369
8461
86069
3998
780
304
114
93
322
362
73055
260
201
88
1010
7218
1685
223
68
272
270
20365
300
33
2350
312
282
718
20365
8813
29010
587
6872
137272
9090
846
200
339
1534
1111
53
81940
38821
50092
375
225
731
1743
9636
5693
488
84407
2952
2409
202
30816
1702
25
1666
465
34129
805
90
1436
438
130016
114
6
731
31838
1436
105
10491
158
769
460
131548
488
68
1743
1666
40280
86490
31838
114786
7218
129
36037
66318
300
30
64859
14
30818
27379
5693
166753
30
31063
6375
50071
878
1630
3932
223
7335
34178
559
40274
548
39673
771
883
311
129
2406
31837
4075
186
135168
65
16
252
3932
484
5709
6
187
84
36011
8311
3507
3443
34129
141
38821
3718
47
3551
1128
167910
5609
119
610
81940
1344
53
98326
56106
3932
771
548
20365
3445
61
19
51
50092
4127
86076
8
34127
48828
49138
219
8311
300
19
67835
129
360
88
40
187
39951
36056
204
270
780
565
3369
565
769
553
264
252
1124
780
30
8446
753
13
56
25567
50071
481
33854
25567
64859
40295
18
33854
64
770
63
2841
49138
1344
7335
187
31589
202
10400
362
36011
31838
31
490
131548
11
2502
166753
1630
118618
4075
770
24
38821
39951
49
286
149
131548
64873
64863
2841
3508
165026
710
7218
6014
225
186
1671
1272
465
687
6932
6269
1092
31589
31063
501
351
254
1534
81940
39951
1111
50092
559
1160
81940
434
3932
1115
260
710
1699
271
84404
31838
559
300
5542
731
19952
20
488
1604
542
225
39951
771
6274
5709
18
81946
202
66312
90249
67775
63787
444
1729
81940
36013
36011
1115
19952
718
6930
16
5542
54
559
31589
10491
1698
1743
122059
114
2350
220
64873
40274
123
10400
19952
4058
10491
6872
69308
127
272
1344
49
79532
624
164452
20365
84
114
271
3718
772
0
9090
82754
41
5709
3734
34111
6872
2406
286
339
719
4
29140
271
1128
5591
559
2505
38242
83161
3445
7218
4066
202
750
8446
20
90
1346
8446
31589
351
731
127
35
129
1588
1728
2409
6932
271
260
3342
67775
3946
34129
31589
110
321
69308
36013
31589
6930
7218
20365
136227
1534
50071
36011
228
6375
3711
719
71
82754
322
30
19952
286
270
8311
106
104
1128
1590
48519
31849
31081
86076
465
31589
1344
83992
71
1092
7218
231
1115
34436
770
1436
30818
687
40276
5601
1728
2216
36321
322
559
395
27
201
202
136227
9636
444
883
275
31589
73055
481
286
36056
38821
33854
508
878
731
771
39951
557
202
1666
55
110
131548
9090
50092
106391
36037
8446
36011
687
3719
16
111472
41
69308
36056
9069
6375
71163
231
444
48828
152126
19
202
49
30
1671
488
315
5693
50071
6334
780
444
3719
731
6330
1534
6872
731
81940
34111
39951
330
6872
119105
484
438
1124
1111
131548
4128
770
31838
6330
1121
31589
119
681
125
1590
1666
731
4075
121074
119105
321
127987
3570
231
34129
1111
724
85228
19952
465
127
90
41
131548
2505
3719
5693
81940
104
438
40280
554
98326
30
6273
102
202
604
1111
92
11
731
26463
275
113
772
1
72675
1
3719
36013
1728
1
36587
770
28
508
1010
158
136749
108
8446
305
1115
434
1590
69308
286
45
1743
9636
50092
312
8311
73055
129
715
10491
31589
93
121566
8311
117
731
557
402
484
3507
3445
29010
1530
36011
731
10576
87
128
34152
3932
7218
3932
9652
264
226
113
1534
164452
10576
9090
247
286
82754
300
34127
718
36321
3946
90
31063
187
129
158
438
3570
550
9636
92
149934
273
770
10400
1438
554
330
1005
5591
66681
38790
137796
33
71168
64
254
40855
132593
201
565
34152
38822
49138
46
34178
152126
336
1438
286
36587
438
771
149387
260
6273
2841
86905
36013
36011
141
30
2350
718
3998
38821
99212
431
3507
548
1729
103
1111
30
64873
64873
103
1111
56106
391
131036
553
460
753
88
6937
127
86490
395
559
286
79532
20
22
313
36037
202
36587
59
48828
141
34111
39396
31589
10
3507
6872
249
1666
35
127
36321
6014
30806
286
64873
465
35
10494
35
499
305
202
152678
6937
3932
10576
7335
542
39396
9636
610
4066
49138
313
878
3570
304
202
5709
36321
36011
64859
3802
64873
127
128493
200
252
8311
110
27
1111
16
125
200
1010
270
116
121566
92
5709
202
488
826
36321
106852
48519
113
167910
2406
3946
321
596
2350
19952
420
554
114786
5759
6937
1009
321
56
48519
6
34436
339
26013
71163
770
34437
36321
152678
103
64873
17
508
1111
10479
131548
5709
118618
434
114
11
686
710
135168
66
36056
286
939
69308
3507
3932
67775
3342
38821
67775
1534
0
46
1344
71
3551
105
36056
1604
6932
104
59
27613
1
6014
6930
731
663
120
105
260
19
221
10496
270
38822
49
271
731
1
43
228
38821
1005
71
19952
17
65
85228
10576
149387
604
10479
300
715
69308
6
315
164452
3998
142
3342
30818
48828
83160
805
731
6334
713
64859
4075
3718
1115
286
715
6872
149
202
129507
142
465
72675
330
3932
5709
7335
440
27
1698
1244
3342
330
706
5709
3445
114
38821
5709
444
260
34111
2409
137796
3351
39
27613
86076
687
1534
100992
3998
718
321
542
127
83160
121566
20
127
256
31849
706
20147
1111
687
771
90
1698
56439
104
84
49138
0
5542
508
149
86069
30
63787
165026
167910
233
19
715
31589
39396
128
508
304
286
84407
64
548
31589
40280
30818
330
488
49
3551
83
1128
31589
354
1302
3711
83995
2350
301
610
1698
264
23
770
4075
10479
66318
31063
10491
770
34127
780
137272
481
37
40
150
31
36056
69308
1772
39951
10479
37
53
39951
330
201
247
68202
559
2406
92
444
8311
375
107
39396
38821
322
30
128
330
152126
20
3792
30806
2502
38821
86490
304
50092
86490
31589
69308
56106
36011
127
99212
550
85
316
5759
142
4123
1
1436
8458
6014
286
69308
438
434
121074
202
731
123
878
375
151
10576
322
3813
272
152678
50092
165601
3946
683
878
6432
420
40855
39396
2505
1128
83160
770
34152
9090
3716
770
878
878
719
31589
1032
1743
9652
1436
36011
2216
5542
1666
420
301
40274
2352
878
34437
286
724
260
730
119105
3507
20365
3446
8446
339
321
6014
31081
38821
6
14
117
106852
27613
508
731
354
460
41
219
2505
1297
499
73055
313
38244
2490
3443
104
6
365
554
3342
33854
113
1010
6872
716
64
270
34129
93
30
114
621
103
49
706
434
121
49138
67775
27375
67775
141
136749
604
6334
49138
731
202
4
36011
447
36013
1111
5591
8461
110
149
36056
1312
8458
769
420
66312
713
731
129
30
23
1743
7218
137796
48828
29010
3342
249
264
10400
286
8446
7335
34111
99212
770
249
20365
270
1699
34111
123
31063
610
63787
27378
301
6872
36011
165601
301
142
106391
86069
51
6937
202
119105
6932
47
103
31589
84
65
69
868
6
5693
31837
769
40280
90
56
1666
104
2
3998
48828
84
6872
38821
36056
286
40276
731
36037
450
86490
1702
2
31589
687
548
26013
1111
286
941
40274
1346
220
450
7335
20
450
49
65
550
66318
231
25116
32348
68938
252
610
275
1316
66318
31589
681
3946
74
137796
548
447
202
3719
123
3342
286
264
114
31589
36321
3445
202
121566
231
233
64
38821
67775
718
64873
201
201
71168
1743
165601
5709
1009
112416
641
3551
1729
271
684
38822
770
3718
447
618
3707
38821
313
4
594
434
3719
686
48519
186
11
48519
20
33854
275
681
30
9652
770
27
31063
715
36607
114
106391
508
769
826
939
13
5709
311
805
9636
41
31838
710
219
9636
21
1743
8311
6
300
40280
1685
3946
148296
260
770
444
706
770
71168
264
715
27
69308
6872
300
86490
610
878
34178
121566
105
38244
40295
41
431
2350
4
1009
81940
6930
322
90
121566
6375
2505
391
34127
1032
106391
1666
286
64873
1032
390
272
3802
481
219
434
3932
304
38821
10494
1111
131548
82754
64873
402
6269
577
548
200
6
351
1781
3932
247
39396
66681
41
83160
41
27
36013
88569
31589
21
114
38805
27378
201
10400
1604
465
271
770
69308
1346
35484
100992
30816
3570
34127
92
1781
67775
1666
1698
1009
73055
123
5591
1302
270
2502
81940
36056
11
104
1344
27613
51
45
286
50071
770
27610
596
301
3802
10576
322
3342
23
74
604
86069
1032
50071
490
548
264
270
4
71168
286
36037
119105
3716
548
2350
336
110
81940
36321
3507
137796
5693
753
437
31589
118618
165601
164452
66681
315
1346
247
149
34127
200
36874
542
90
136208
730
225
1005
1005
1588
321
3445
3932
618
11
100992
69308
67775
114
3
36011
5709
131548
878
27379
3718
64873
687
683
223
301
3342
71168
1297
724
805
770
687
1729
460
8
29
402
65
34127
30
559
11
3342
127
6
300
1121
33
1344
100
10400
770
264
105
488
313
129
30806
64
69308
121566
30818
84404
50071
149387
559
3932
39951
3718
86076
34129
83995
90
53
38244
321
31838
6872
769
6872
88569
1
731
27379
64
34111
221
10576
35484
300
3946
278
64873
24
82754
165601
3342
231
69
128493
1344
7335
2350
81940
142
114
351
122059
165026
71
20365
39951
31589
330
123
1344
61
271
165026
107
22
219
131566
10491
1344
28
114
769
437
2399
66
731
84404
1728
286
402
706
437
730
31589
38821
27
9636
440
1010
260
38821
7335
370
4
165026
1115
34436
20365
770
271
10576
13
2216
45
219
271
83160
17
107
434
271
32348
6937
38822
360
23
34152
3369
72675
272
2409
201
69
106852
315
202
8446
75
48828
61
2
6937
31838
40274
367
206
128
125
3443
731
98326
610
84
300
34129
121566
34111
56
85228
460
71
11
770
3998
686
81940
20
846
31589
4075
6
6375
490
6375
753
84407
34111
687
92
362
48828
92
3719
27379
8311
74
1534
93
706
121566
30818
3508
367
770
1346
33
38242
131548
51
61
110
14
45
50092
69308
10479
119105
501
2490
5709
129507
34127
187
769
39951
85228
130016
131548
6273
36874
771
3551
225
149
10400
6273
128
187
186
718
553
121566
121566
6937
31837
271
31838
141
11
31849
1115
260
1772
31849
32348
3503
39951
113
260
64873
67775
3932
83995
30816
30818
1666
26013
53
10479
8311
19
438
432
1534
3445
260
33854
731
38821
264
38821
687
3716
34437
9636
2350
1590
2505
301
106
83161
119
81940
201
1344
20
301
10491
11
3507
846
713
6375
6932
39951
48828
3342
10576
34437
127
4075
90249
135168
51
92
434
202
1344
39
315
300
300
25567
1297
594
444
7218
90249
114
438
846
339
10491
313
11
270
311
3342
29010
1344
770
272
1010
141
3932
282
1743
114
38242
82
31589
731
731
878
2350
149934
90249
72675
1671
30816
260
3932
90
20147
8813
375
50071
6872
1032
127987
48
447
550
3802
604
5709
313
81946
2490
100992
304
81940
5609
2490
38821
390
1666
131548
149
50071
132593
3718
38821
548
330
10491
3997
3792
1743
731
31589
48828
40280
264
92
270
33
86490
21
8311
53
27375
304
2409
1115
74
136749
81940
152678
202
6273
286
3443
1111
9652
1
1297
770
6932
550
300
64873
66683
6341
771
3872
301
278
135168
770
724
31849
272
64859
1010
39396
40295
354
85228
164452
1115
19952
81940
272
6274
286
92
1755
1160
878
165601
73055
49138
123
41
731
3792
202
432
40295
316
770
604
131548
594
28
1630
1699
67775
270
93
81940
38821
127987
753
33
247
3342
36056
3445
270
6273
27613
3570
69308
322
37
31838
129
64
31589
330
50071
14
618
9090
30
484
16
5709
2406
48519
1436
1743
121566
9090
20147
29
4
128493
85228
336
67775
233
121566
84407
8461
93
19
72675
278
28773
27
149934
391
108
542
81940
51
107
2260
129
1698
81940
1534
753
108
165601
202
6014
1328
36011
123
939
40295
20147
25567
1009
286
565
3998
4075
201
69308
4075
716
121057
2260
8311
228
770
123
5693
264
201
21
6
7218
34127
481
304
508
68938
304
3719
1115
19952
45
33
83995
434
3507
85228
548
1312
8311
50092
93
48828
82754
233
31838
550
1032
36011
27
3802
26013
542
127987
1729
1297
434
36056
20
770
51034
460
501
1743
131566
6
481
110
2350
59
161035
2505
93
36011
25125
8813
322
481
330
1743
1297
119105
3716
304
542
3718
365
4123
9636
9652
3507
234
165026
2490
36013
10494
718
5591
1121
301
2399
716
3950
508
31589
200
49
219
8458
434
67775
83
252
460
9652
38821
391
780
114
201
10491
49138
56106
434
1729
447
434
1344
431
20365
7335
22
780
1121
2502
204
19
105
74
3932
8458
5591
6
330
481
10400
129
559
121566
11
594
165026
5759
117
85228
465
1115
687
713
272
3445
438
1111
684
270
107
313
3507
286
3570
19952
83160
4
50071
36013
1666
315
5601
121566
33854
1743
604
1666
270
31589
3575
2216
10494
434
84
32348
1346
41
3369
286
49
548
8813
565
508
4127
3813
1743
132593
66683
74
1698
5759
553
40276
34111
10491
31589
202
508
687
304
301
270
9652
114786
716
447
431
6273
20365
17
10496
31589
93
25116
9636
594
330
99212
1032
100992
113
34111
31838
90249
38
6
10491
31589
10491
38244
488
550
481
186
730
36013
39951
272
100992
69
53
3507
27613
39951
165601
687
93
7335
69308
136208
131036
501
330
301
594
313
264
38805
113
149
36011
53
330
228
71
434
40230
27613
1115
64859
30
231
56
686
770
731
895
8813
1344
6872
20147
770
38821
10576
895
131566
437
6273
304
0
260
74
72675
3507
30818
84407
83160
365
28773
68
110
34127
7341
19952
278
7218
136749
81940
321
74
39
770
202
50071
286
68
231
71
31589
322
300
127
6
106
30
84404
3946
3946
270
1128
34129
10491
30
34448
105
465
149
447
440
28
32098
610
550
84
36587
731
481
30
3998
30
231
581
488
2260
753
322
83995
99212
84
447
3998
165026
780
40280
202
83160
84
31589
2350
8
390
121
64873
1009
322
10494
187
90
165601
3946
687
1009
1699
65
36013
202
231
35
10479
10479
38821
93
10491
3932
64
270
6
624
6330
4075
231
68
3551
86490
74
1743
40
300
161035
3446
136749
264
50092
202
114786
3445
97884
34437
98326
878
271
1111
6375
152126
300
40280
66681
102
6014
8311
107
2409
4
5709
9090
3946
3932
136749
444
31063
22
228
67775
64873
69308
330
152126
86076
249
34437
30
82754
100992
35484
66312
72675
63
99212
38821
202
31837
805
304
125
121566
770
129507
64859
46
621
131548
93
234
63
114
121057
132593
19
2260
249
127
481
50071
438
39951
438
41
34448
123
67775
36011
3503
6334
4066
105
121566
91
19
3998
48828
40295
3719
322
434
1009
33
30
559
225
114786
66318
1096
624
447
769
49
1115
11
234
3342
770
450
1121
85228
221
321
92
1297
6930
5709
8813
129
34127
5709
67775
260
79532
6930
31589
1092
280
31589
1666
30818
5542
488
34129
20
116
23
3342
104
71
10400
1115
434
64873
33854
157102
330
63791
234
33
81522
706
36011
25567
10400
6330
114
247
84
586
596
780
131548
9636
10491
9636
1344
3342
31838
36011
352
444
69
186
434
28773
5709
48828
31849
40
731
1111
4058
36011
1666
104
3507
152126
1092
272
1781
772
165026
81940
93
1012
769
40230
338
141
31589
50071
79532
731
554
34129
119105
771
6932
83
581
31589
7335
1590
447
5709
2350
27613
6932
301
594
1302
2505
90249
149934
1115
74
161035
339
8813
5542
73055
50071
33
20365
36056
29
683
20365
313
40230
3342
1436
769
30
3813
1702
252
34129
1699
20365
84404
273
1346
687
66318
100992
200
38244
444
30816
3932
300
488
30
83
1297
98326
770
106391
3802
27
481
553
2409
34127
731
131566
202
687
488
67775
1092
1115
249
3998
30816
82754
8458
301
61
6932
131548
34111
550
8461
5609
137796
137796
731
1588
225
4
256
5591
121057
49138
1244
420
31589
27379
5709
3998
770
6872
4075
114
165026
31849
330
275
565
33854
352
68938
254
3997
6932
22
23
48828
99212
0
34436
66318
38821
481
127
8311
770
136749
72675
20
4
123
273
85228
19
3734
10479
90
40274
67775
1344
5693
3570
90
38821
110
6330
131548
165026
30816
301
437
117
2260
1032
460
102
460
1346
731
202
1115
129
31589
6872
84407
1729
64873
3950
72675
131548
34
166753
780
4
0
313
1685
3551
434
64873
375
282
3998
3716
69308
730
10400
553
30
30818
460
305
83995
444
753
706
304
30
130016
770
8461
20562
1115
1346
119105
105
4058
141
67775
4
226
27
105
64863
31589
304
225
771
27379
20365
35
264
123
4123
4075
548
731
1534
1666
3932
4066
34111
1604
10491
39
40
40274
3734
27379
67775
10491
37
132593
313
34437
149
465
129
304
165026
118618
604
1728
187
167910
3507
610
9090
189
731
311
304
304
1
90249
93
86490
19
31589
141
50071
8311
6
1111
202
3932
36056
390
6932
84
447
23
68
67775
5542
68202
31589
395
769
465
542
50071
0
286
51
706
79532
33854
731
71
488
7314
202
6273
354
3570
4066
878
8813
1344
31589
36011
90
231
107
64
777
30818
149934
38821
1115
86905
50071
72675
254
40280
106852
30
64859
27
81
444
270
30
9652
20365
1111
336
304
3946
81940
108
501
25116
36321
6932
270
275
71
270
161035
127987
25567
8461
33854
136749
553
716
826
84407
31589
106852
34127
74
132593
550
8
8311
164452
74
488
114
81940
3719
84407
313
27
231
34437
72675
5591
90249
36011
770
35484
706
769
68938
66681
770
100992
34111
119105
21
753
149
90
10400
1728
116
10479
114
352
1344
51
731
5709
6274
148296
247
718
118618
40
1588
91
38821
36013
1111
662
26463
110
1534
769
286
444
1344
365
3734
141
330
488
3508
131036
61
31838
1297
39951
260
718
81940
202
6330
100992
6937
719
31837
731
878
447
99212
706
131548
1344
351
10400
38821
223
104
38821
38805
3932
770
300
395
3932
286
4075
304
1092
19952
50071
90249
30816
61
741
5709
4075
1244
67835
4066
771
484
770
731
460
1590
234
36587
553
275
6375
3551
66681
3446
36321
883
79532
1344
128493
301
550
10491
351
1032
127
9636
114
36321
5542
10491
624
501
7335
69308
20365
270
81940
30
141
554
56
40230
8458
13
706
201
270
33
3946
484
63
437
31589
56
36037
93
753
231
3342
770
460
731
1781
3551
165026
484
6330
71168
1115
50071
1009
1344
74
731
167910
3711
2896
50071
1534
99212
130016
40274
1743
3932
81940
50092
110
336
24
149934
731
202
3998
34129
9636
53
64873
56
66318
272
444
86490
34127
53
3998
201
86490
40
26917
313
488
34129
6375
5601
30
4075
19
64
36056
300
88569
131548
4123
4
354
11
64873
805
264
49
272
878
4058
769
731
34437
330
40280
0
4075
225
270
104
84
48828
6
3997
271
465
137796
1
110
1115
9087
438
260
222
1010
49138
125
878
67775
40274
45
1702
3716
1032
116
304
19952
136227
20147
330
3734
136749
391
129
40295
594
5693
136749
36037
8311
69308
3932
312
67775
1010
61
2406
71
878
772
5759
90249
121566
271
19952
30818
1755
125
31589
39396
202
271
465
31589
3503
10496
1702
31838
550
41
81522
1009
402
3932
770
66681
34127
20365
36011
49138
1666
1534
84
35
434
38846
264
20365
249
16
780
29010
260
330
1534
4
165026
30
149
618
375
27613
31589
31589
27
390
1604
91
1009
36056
34127
165026
460
1009
4075
121566
10491
565
4075
5609
254
770
114786
93
438
5591
370
19
846
282
550
64
8446
1
83584
3932
3932
152126
731
4075
286
4
260
225
10491
3508
91
2406
17
106391
1534
769
878
706
90249
4058
490
769
85228
39396
20147
34127
488
100992
41
98326
16
40280
367
715
5693
4123
121
4
85228
38821
431
3718
90
20
1666
2216
3932
36011
20147
663
10686
30
1346
48828
30816
68
548
5542
118618
234
687
1630
48519
131548
437
34111
304
3718
1685
718
33854
85228
6930
10494
30818
34129
36056
200
6930
43
3342
554
200
1666
554
118618
200
352
38822
273
3716
681
81940
31081
200
282
8311
34127
0
219
110
36587
31589
437
92
3998
10491
687
31838
34437
3507
706
878
31573
39396
394
36011
40276
34127
3369
610
1685
315
231
228
1685
137796
5601
275
2505
110
447
3
31589
90249
1344
67775
770
444
10491
10400
351
460
3508
9636
731
20365
71168
19
1666
127
38242
142
67835
3998
3575
273
36056
311
36874
26013
34111
1698
90
3342
33854
1128
31589
152126
40280
1115
31589
264
3932
165026
141
604
31081
2350
4
6937
29
19
3802
113
114
36056
9090
425
731
128
149
8311
1111
8311
66318
3342
548
10494
136749
465
50092
10666
38242
394
2505
26013
687
1297
2260
3716
3998
4066
621
264
286
84
4075
5601
67775
21
286
56106
40295
1115
304
5601
141
71
137796
84817
66318
6872
31
35
488
275
6
34436
304
68938
105
9636
50071
125
1010
5709
36013
28773
104
1115
31589
719
64
7335
6014
719
123
30
31589
3932
40
3719
39396
1588
1096
275
35
9636
31838
1534
878
200
280
434
74
67775
270
304
152126
1328
79532
559
84
31589
30818
0
123
1534
4075
226
5693
56106
19
304
99212
542
3932
1534
69308
6273
2409
596
715
73055
110
1302
135168
31589
1781
233
367
34127
6937
39951
157102
20147
99212
481
4075
31573
6932
84407
4
165026
270
3570
28
731
610
31838
119105
770
127
81940
264
610
1128
84407
322
53
313
6330
83992
20562
5542
19
5693
438
724
304
31
56106
10491
6274
434
1111
167910
326
10496
38821
286
770
3997
31837
286
20365
34127
40855
1302
34448
28
1244
270
66318
30818
586
770
31589
1344
84407
56106
939
200
1009
6375
731
202
113
6872
202
189
1244
84
3946
770
4075
1346
2399
5542
336
36037
100992
2260
165026
256
286
715
3946
275
488
395
231
86069
19952
706
26
67775
66681
1115
92
1010
254
769
312
437
84407
270
715
3932
271
39
4075
1111
36607
275
72675
161035
286
286
110
5591
31589
83995
264
278
66312
67775
69308
264
264
431
84407
10400
635
219
31838
10666
4075
0
38821
92
7335
85
2505
110
713
40230
66681
322
769
484
1534
7335
1590
883
548
724
81522
1032
110
3
330
114786
687
1702
38821
67775
780
3813
2350
137796
83992
6014
66318
1032
8446
36321
488
247
119105
34129
878
878
142
82754
36011
365
450
165026
50092
36011
34178
1
1009
84817
27379
200
9652
4075
8311
31589
123
4075
69
27610
90249
4075
610
167331
48519
1604
1115
129
53
84
438
484
322
131548
260
1666
69308
90
6932
878
34448
135168
780
34111
444
330
3792
706
769
3551
87
73055
29
10400
85228
10576
8813
92
202
30
113
1244
40
780
444
301
770
1344
270
1032
780
69
39951
30
777
769
74
780
270
304
17
31838
22
4127
1604
3813
716
610
316
2350
71
41
2505
3507
548
202
48519
149
31589
731
270
4123
8311
71
34129
548
99212
301
1272
731
753
1604
125
301
438
596
26013
84407
34127
100992
3932
4075
4066
34448
687
167910
129507
106852
450
81940
301
9089
434
6
10400
104
753
301
1092
394
84
231
81940
39396
3932
715
26463
3445
108
152678
38821
34111
275
444
1009
27610
31589
114
1244
4075
83160
81940
715
26013
167910
40280
26013
349
149
618
149387
3718
3575
1702
202
313
36013
30818
565
4058
437
48828
127
30816
595
71163
31589
731
63791
66
770
2406
313
39951
137796
83584
83160
132079
38244
222
121566
2490
10479
92
10496
67775
8311
878
20147
11
26013
50092
100992
271
312
141
34111
31589
64873
460
13
7335
71
3507
19952
1666
104
3932
31589
29
50071
81940
550
49138
270
49138
447
663
3932
772
127987
273
3718
4075
32098
6330
1092
48828
36011
3508
3932
84407
6375
718
4127
132593
92
93
431
65
460
719
3551
90249
1743
1128
1297
10494
715
135168
20
31589
10491
3718
92
270
5709
322
114786
20
624
286
29
3813
286
2352
6
1115
131548
81940
553
8813
2260
83
3802
351
300
6
38821
3946
136749
271
82754
550
29140
1115
36056
88569
1302
22
7335
1115
92
64859
8518
31589
706
48
91
554
450
687
771
4075
681
81946
434
771
50071
84
34129
718
219
1297
131548
29010
731
3570
1032
131548
718
3342
1344
687
104
27379
339
27379
36056
7218
3932
330
68938
550
43
106
118618
420
3
460
304
10400
565
127987
330
40276
40280
36321
20343
20562
447
2350
1010
247
128
731
116
635
6
63791
260
27613
6
724
67775
31589
68
687
687
1590
36037
548
20
90249
83160
30
3369
136227
118618
130016
202
136749
68202
50092
97884
22
114
20365
1312
3813
481
769
2216
687
26013
618
201
31837
10576
3503
4
1092
5693
624
330
186
27
1115
1115
750
3998
51
165026
6274
0
6
84
50071
49138
69308
116
444
74
20343
31081
1244
100992
362
270
34436
805
36902
129
40274
444
34111
31589
167910
36011
160468
1743
663
130016
1115
64873
278
81946
125
718
116
1115
0
3342
34111
1010
86905
66318
3998
27613
20365
49
770
256
200
365
99212
1346
438
27613
264
1092
322
484
35484
136749
167331
128
1160
123
465
481
125
129
4066
79532
465
131548
315
54
6
165026
9636
548
3718
264
31837
152126
72675
9652
434
117
56106
36902
19
3813
300
1115
67775
36011
550
5542
5591
1344
38821
31589
30816
40855
6930
771
84404
5709
10491
1111
20365
351
313
28
3503
66318
1244
223
1124
1115
114
36587
83160
69
141
142
63787
367
165026
3718
22
3946
38805
11
50071
8813
3551
93
165026
66318
715
34448
34127
20147
34127
3998
6014
9652
330
225
63
67775
1698
50071
1630
30816
3507
1436
142
36056
36037
4075
2502
731
1344
3445
83160
465
200
1666
3998
264
2350
465
420
20
3716
141
84817
339
1115
27379
34436
152126
19952
6930
1009
1128
420
81940
878
4
559
6872
123
49138
7
50092
460
330
27379
3342
40855
264
395
731
270
322
769
420
548
3716
40
5709
26013
79
3342
394
390
846
64873
1534
83160
273
1698
131548
25125
49138
129
114
4
3946
30816
1096
19952
1297
1702
125
83995
20
275
166753
56106
4066
20365
6274
1743
88
264
202
1743
36011
1111
731
92
641
465
186
200
1115
1009
3342
395
136749
88569
48519
300
34111
49138
1272
264
1344
154
1588
365
1111
39396
395
444
1032
2
30
9636
31849
92
1115
149
119105
22
271
610
106852
249
92
20
7218
286
2896
770
50071
1702
326
941
1124
3551
1346
1666
716
1302
1
5709
313
883
11
247
27610
770
836
4066
8
106
878
129
1009
550
3719
1272
1743
50092
90249
254
5591
6334
120
770
604
49
119105
553
9636
3932
161035
1346
127
594
1344
1698
120
49138
81940
1115
321
360
1297
420
731
3998
7218
941
30
105
2260
1128
105
90249
3716
687
114
878
129
3570
26917
7335
484
770
565
20365
402
30
2406
770
275
313
165601
883
542
3932
270
604
49138
150
301
6932
559
186
731
56106
121566
30
508
32098
36056
118618
4
152126
165026
706
34152
19952
1728
129
3932
28
31063
86490
30
34127
508
34127
777
36056
1009
391
36013
322
9652
65
20365
3998
731
4128
202
270
69308
187
110
1728
10494
38821
38821
34129
8311
186
11
270
1328
68202
83992
3443
200
1702
10494
25116
31063
22
81940
6
141
55
326
69
20
31837
687
444
33854
119105
33854
20
83
3932
1534
2409
1699
713
5709
280
1115
19
5591
770
50092
2406
27378
20365
9652
16
730
102
31849
99212
1115
106852
6872
3551
488
29010
119
99212
9636
84407
6269
105
1344
85228
313
107
594
45
1115
31589
63787
201
31589
1096
447
53
231
554
31837
41
39951
724
39396
1160
167910
10576
136749
550
30
31849
31849
444
4123
271
8
119105
662
3932
286
753
110
64863
49138
36011
3551
84817
753
38821
1
5609
118618
2505
10
273
39951
38846
5591
225
48519
444
69308
14
121566
110
219
271
63787
106852
27613
11
553
27379
83161
8446
731
1302
718
846
20
6375
6872
67775
3932
1297
559
92
149
9636
119105
3802
31
131548
554
330
434
84817
488
83161
770
731
1115
3507
86076
90
125
131548
20
34129
4075
5759
286
19
3443
3998
85228
11
270
10576
3716
4066
247
81940
610
50071
2502
53
152678
166753
82754
1344
32098
107
219
750
270
770
6
132079
10494
322
131548
152678
301
105
6
38821
19952
895
431
6432
100992
38805
1244
3719
92
31589
79532
83995
264
635
2490
31589
753
6
25567
8518
7335
362
1604
706
30
69308
1743
152126
553
38821
41
118618
559
715
6872
2352
127
249
31589
4066
202
6930
104
301
508
40295
39951
38821
5601
304
362
769
28773
136227
1666
753
354
20365
32098
65
99212
9652
10400
86076
66681
4075
6932
149934
304
1111
31589
604
88
36056
508
1781
38242
36056
37
557
125
304
1092
30818
152678
1115
30816
19952
271
64
731
27613
878
68
7335
114
38821
105
32
1111
687
165026
91
33854
149934
3932
11
219
84
878
1115
1534
554
5709
201
4123
90
3551
9090
550
322
2350
4075
354
1328
30
5542
770
548
112
99212
2505
33854
48828
434
110
1344
26917
90249
3503
66683
20365
129
66681
286
247
6330
53
66312
10491
34111
122059
731
64873
40276
123
29140
447
20
158
330
66
10686
10494
9090
48519
6375
339
136749
20
247
22
38821
202
127987
1111
559
20
1111
53
93
11
260
2409
286
3
56439
4066
81940
706
264
90
119105
6937
127
548
2505
1436
339
1666
322
4075
465
81940
29140
256
5609
69308
69308
610
4075
2350
38821
769
85
9636
121074
201
50092
167910
64863
846
488
1698
434
26917
559
90249
81940
105
264
3997
71168
36056
113
770
1698
50071
32098
41
1781
31081
481
681
167331
1781
550
460
395
36607
431
3431
2409
731
718
158
86490
594
38821
38821
330
5709
354
31589
69308
65
34111
84407
225
64873
34436
1534
10494
39951
322
1010
38821
9636
29010
122059
8311
1436
33
3342
19
84817
301
260
90249
90249
354
559
718
30818
202
6334
97884
286
31589
2260
39951
31589
121566
129
395
2350
687
5709
1297
83995
48828
1115
19
186
362
219
724
434
3802
550
37
86490
111472
82754
27
48519
760
1009
370
271
90249
1604
3508
27375
710
681
67775
40
6
9090
610
137796
107
438
86490
49138
1702
4075
86490
6932
121074
20365
6937
103
300
26917
56
30
710
49138
40280
270
1344
1
31589
20365
46
68
1772
31081
35484
710
67775
604
73055
438
1534
40276
6330
165601
81940
33854
10666
84404
6375
1111
29
53
1111
286
432
64873
149387
6273
13
91
9636
565
34448
4066
21
129
20365
1604
1297
432
321
39951
2350
5709
50071
753
30818
107
66
11
1781
247
1346
249
394
130016
260
92
36037
69
550
121074
64873
30
187
31837
7341
88
125
33854
66318
10400
300
5693
559
2
9636
1
121074
136749
186
3570
878
10576
127
420
10491
1115
20
4075
81946
750
31589
3570
40276
66318
27613
36874
548
4123
34127
38821
8461
202
6872
14
73055
67775
46
32348
121
304
50092
4075
74
3998
40855
1702
97884
48519
1297
72675
1743
10400
31589
23
271
3932
36011
1312
3792
99212
4075
444
27613
106
125
30806
6932
731
286
29140
4
6014
81522
3946
34111
31849
31838
20
481
19952
256
82754
1698
201
390
460
39396
36011
1666
49
1111
1316
45
81946
83161
3997
286
136749
36011
19
36037
81940
465
1297
81940
1160
553
270
1111
83160
548
2490
3997
84
351
596
6273
731
731
6937
132593
234
10686
4
50071
127
233
731
438
731
165026
431
6330
252
2
118618
432
20365
553
402
69308
270
1344
1698
128493
715
40295
0
624
300
131548
222
137796
28
3342
488
4
4075
9652
59
1781
270
3570
49
53
3932
165601
36056
718
125
56106
1115
254
20
769
1344
684
201
31838
161035
1092
30818
1111
32
304
270
86490
4075
130016
40295
1781
48828
152126
2
878
621
20365
129507
604
3719
447
129
1534
1297
27
488
49138
59
66681
339
313
1115
247
31589
53
6932
594
48519
311
158
878
349
16
5591
1590
48519
93
1115
1346
125
434
3716
23
3342
4058
349
395
110
2260
3443
249
26
141
69308
249
113
136749
90
10686
769
6341
2260
3946
805
1124
110
71168
322
6375
67775
34178
166753
30
33854
565
7335
4
6
300
488
846
1
33
273
38821
31589
883
10666
1012
286
1344
27
30818
1604
40276
31838
718
30818
6932
508
30816
280
149
420
131548
38846
136749
271
142
29
1328
81940
3342
106
86076
107
254
83160
352
301
131566
5709
63787
202
34437
56
84404
3932
402
2490
301
2260
6872
1344
6932
50071
1111
142
553
1128
104
1
11
9090
136749
730
114
770
90249
610
550
1698
122059
1728
8461
36902
5601
770
165026
542
40280
731
118618
40276
322
38821
3998
508
125
90249
67775
127
1699
8813
64
2350
66318
29
71163
548
114
731
8311
301
9
119105
31589
507
27379
8
1671
542
25125
67775
40280
4075
37
1344
9652
1666
3792
137272
20365
587
5709
108
553
444
1630
119105
231
2352
3718
1092
3718
93
48828
3570
8461
25125
74
878
488
83160
36321
202
64859
38821
53
186
90249
28
1743
66681
84404
36321
301
3932
38846
36037
444
28773
129507
129
6273
300
38242
34129
202
66681
90249
354
663
5709
3718
370
165026
481
40855
36011
136749
3802
10400
2505
38822
81946
548
1743
40230
2490
36011
27378
27379
31081
66681
34111
286
6273
553
63787
90249
130016
38242
83161
38242
4075
34111
31849
434
20
624
586
165026
36013
10479
8311
460
53
31849
189
550
10576
121566
49138
391
23
1244
878
121566
34111
6014
130016
19
26013
771
69308
188
25125
27613
1534
66318
10479
0
64873
136749
166753
167910
135168
68
113
10491
31081
1010
121566
444
50071
10491
731
286
33854
69308
136227
565
6375
1743
30818
50092
165026
81940
834
6932
31589
64873
1032
2
27
548
6872
165026
1
231
1302
3716
32098
581
731
301
706
8446
565
550
9652
34437
38821
5542
878
4058
438
50071
1111
149934
2841
66
3932
3802
260
3342
127
141
770
753
330
64859
553
7341
260
56106
1009
1009
114
41
92
97884
20365
130016
41
39951
79532
1111
1111
88
43
19
1
82754
219
780
1346
10479
72675
3
270
662
375
488
3570
30
2409
444
6932
0
7341
40274
3792
81940
34152
488
31081
20365
731
1121
137796
149
121566
264
121057
438
4075
85228
6375
304
770
92
116
420
1344
27
34152
9636
10491
31838
34129
286
3369
131548
878
24
365
770
21
731
1111
40
304
604
34129
548
36587
72675
99212
3507
6375
121057
878
352
1124
129507
465
770
304
507
27
31081
40274
100992
604
4075
65
149934
127
553
706
559
1115
30816
1604
122059
7218
36321
186
1729
186
68
286
438
29
100992
40855
878
200
69
53
7335
770
805
20
149
3932
2
3570
202
9636
36056
1009
548
38821
84
6375
121074
256
1698
69308
1344
437
271
81940
31573
38242
29
85228
330
663
8311
152678
106
264
6932
48828
484
20365
769
31589
128493
29010
27
108
1534
38821
81522
305
304
1115
93
3
706
460
64873
34129
939
34127
260
30818
270
402
99212
878
20
201
26917
81940
273
201
431
93
878
3342
165026
1005
481
36011
83160
10576
4128
2
20147
36056
120
129
86490
33854
2490
1111
5591
1115
770
270
29140
10400
2505
3445
3932
82
131548
715
113
106391
9636
122059
92
36011
5609
19
20
19
5542
34127
47
31589
19
9636
1032
1111
106852
84404
28
3551
731
731
4
3998
10576
123
50071
1755
152126
34129
1297
219
1111
93
1121
5601
3342
36013
330
3
9652
301
2350
3342
9636
36056
6334
286
610
1729
64859
6932
167331
93
36607
48519
444
65
3932
1728
56
6274
74
2406
1666
31589
36011
27613
6375
362
25116
108
68
706
54
202
53
444
8461
103
1096
322
11
3711
554
1702
286
26013
83
56
3950
4075
724
484
19952
770
542
4
312
30
31081
27613
1729
4066
119105
3813
231
30818
1666
46
81940
64859
9636
1685
66
750
22
49138
3342
490
3570
311
202
2350
825
127
231
131548
465
1698
34448
36056
20
300
2
641
249
26013
23
3932
9090
40230
26917
121566
420
149
270
1032
79532
201
56
1124
123
275
322
370
22
481
2352
161035
9090
731
34448
508
38
166753
1115
71
9636
106
444
488
2350
438
8311
3932
1009
1346
151
286
114
6932
254
8311
4
59
681
30
484
110
39396
33
939
273
434
481
27379
29
780
93
14
4066
550
34129
1096
315
548
29010
129
604
301
1096
460
559
878
93
286
508
6014
271
67775
27613
129
1010
3551
19
3
3950
273
1115
771
1685
10576
1009
31
85228
127
559
1012
152126
228
19
731
90
594
542
753
33854
34129
26
29140
883
1344
360
38821
256
34437
375
69
249
202
465
103
117
45
770
97884
4
3946
286
39951
20365
305
260
231
438
1328
5591
38805
330
481
6872
135168
3802
770
131548
116
8
6872
10
715
753
883
3932
260
1032
391
30818
46
1344
254
2260
362
4
66312
123
10576
1111
438
202
687
30
2216
108
286
9636
260
50071
3342
437
5709
5709
501
31837
508
300
3443
34129
718
30
200
59
10479
50071
67775
6932
554
1115
6872
256
31063
137796
35
202
48519
73055
30
20
30818
4
5609
304
3
33
106391
83177
770
270
93
3
304
2260
1534
6273
106
10400
5709
202
121566
718
550
481
28
97884
36056
1128
1124
40295
1010
119
272
1272
121566
30816
71168
8458
36011
40276
9090
771
66318
49138
3431
48519
152126
351
81940
5709
31838
39396
8461
1297
19952
81940
64863
106852
6932
1604
6872
420
186
27613
352
444
286
450
286
465
56
6930
564
34129
121057
9090
72296
6
27
553
34436
128
1244
1534
770
64873
256
129
117
66312
40230
1630
349
117
731
30818
40276
878
465
550
79532
548
5601
34129
113
39
3342
6872
3998
6273
34111
718
50092
20147
264
119105
121566
27
129507
3792
223
1743
1743
1111
260
5709
66
447
90
64873
93
56106
1111
1604
38242
34111
121566
110
20
3570
136749
31589
38821
231
2505
31589
604
1344
36607
43
5532
83160
8311
31838
142
61
74
2350
5709
69308
31589
770
3932
3342
1438
66
3792
771
127
31838
30818
20
38
50071
769
27613
9636
6872
1346
420
718
769
1115
11
3342
351
112
31838
771
93
83
167331
10576
59
64873
131566
444
36037
3342
49138
687
10400
189
315
38821
69308
1010
228
553
38821
312
158
20
61
731
39
264
67775
165026
5591
3932
27
114
1115
322
6375
84
286
84
39396
73055
219
9636
7218
86905
362
152678
395
596
22
27
2350
610
6274
36011
878
81940
718
434
260
596
2216
31838
1244
149934
713
71
122059
3946
394
67775
40295
465
136227
663
554
8461
38821
228
4
200
79532
2896
202
7341
1
4066
878
130016
4058
64859
165026
2
59
127987
93
878
137796
142
36037
30816
33854
1590
131548
286
64873
219
770
231
304
84404
618
1328
5591
40
148296
41
264
434
770
313
1032
278
50071
10491
1729
47
6
4
10479
36056
86490
131548
152126
31589
38821
3508
34111
116
1671
559
34448
769
301
3570
444
35
207
3718
6
1604
273
41
6
150
618
618
83160
48828
31849
5709
300
8311
53
64859
7
104
780
67775
38805
4075
270
107
286
81537
121057
270
322
687
19
465
36056
26013
147
231
825
9652
202
29
86905
38821
718
129507
2406
38821
129507
41
6274
27
731
304
444
542
68
1755
286
391
273
50071
8
286
8311
1346
19952
278
149934
74
286
256
38821
38821
22
731
878
202
28773
3507
270
508
595
33854
20365
1115
67775
731
7315
31838
46
1032
594
770
322
129
330
731
4075
286
100992
36011
35
1111
34129
63787
718
81940
84404
93
108
7218
1436
1755
731
595
39396
63791
278
270
780
10
33854
81
39
4075
11
0
131548
770
74
31837
31063
72296
36011
3711
2505
1092
84817
554
254
123
444
112
760
3570
26013
38805
8311
395
731
1729
84404
6930
31
10491
1346
2490
731
167910
39951
40
780
4123
3342
4075
1698
119105
5542
30
189
31589
322
301
59
559
2260
1302
99212
50071
10400
447
4075
878
1244
84
731
5709
553
30
66312
20365
81940
67775
9636
2260
37
34436
4066
508
687
37
1121
50071
1297
22
769
84
718
753
770
85
33854
22
330
769
4058
69308
11
91
30816
1111
149387
30
270
1728
1755
49
542
34178
3551
83160
301
53
84407
330
31081
7218
3716
753
1604
3507
444
34
270
114
30
300
5693
4066
34111
202
270
38805
3813
322
38821
38821
1032
3932
6
4058
223
61
3570
31849
231
1699
444
81940
152678
31838
559
304
718
11
83160
84404
38846
30
82754
0
322
31838
83160
3997
31838
136749
3932
3342
6872
488
71
66318
770
9652
10400
66318
40280
84407
22
92
354
64873
687
71168
260
114
68
301
6872
437
31589
50092
69308
2502
367
20
31063
53
1666
31589
132593
687
110
27613
1344
67775
81940
300
165026
3932
141
304
635
63787
7
121566
4
718
1729
6274
67775
50092
770
37
6274
202
687
50071
20
69308
1297
730
20
6930
84
136749
40274
105
878
56106
3998
3507
731
71168
559
202
4075
30
31589
8311
1005
128
4
48828
280
5693
465
27
7335
663
484
4
681
9636
202
83160
1092
136227
18
330
4075
25567
432
10576
4
119
2260
6937
2841
68202
104
4075
3507
771
36874
34152
564
6014
770
753
33
3932
3802
753
19
39396
780
31589
200
9652
131548
1698
3507
137272
771
8518
3998
31849
1009
731
150
233
1743
34437
19
36013
264
1666
6
311
202
770
132593
14
98326
826
270
105
4058
5693
3932
9636
27379
687
1344
56106
64
20
550
51
69308
106852
25116
83161
107
1604
826
21
826
330
465
36011
1124
23
315
34436
27613
31589
33854
19
127
50092
4075
90
3792
31063
2505
7335
20
125
64863
8
33854
34
1115
130016
27613
36
122059
5759
81940
3570
846
2505
6
20
431
3813
2409
395
610
30
313
1781
2409
10666
53
34437
50071
48828
34448
286
225
71
402
122059
9652
731
83160
1005
71
5693
200
438
1111
33
91
40
73055
34448
264
1010
36011
36587
73055
10400
270
39951
85228
47
770
66312
3342
710
83177
769
84404
114
1743
770
118618
5709
86490
6932
107
10686
1009
40855
67775
5591
395
300
31589
106852
8446
136749
6930
107
81940
621
35
1604
686
550
450
1534
8
28773
264
1009
206
330
50071
437
100992
121074
38822
465
846
1666
93
30
339
1436
559
31589
9652
596
90249
1436
434
85228
8458
557
27379
2
30818
542
167910
351
53
129
36011
322
444
71
92
447
1534
84
770
71168
542
1534
38
6930
1743
304
805
72675
36011
559
8311
2352
127
202
731
3932
187
1344
38805
3
2350
31589
731
66318
38822
731
81940
234
27613
330
718
31589
40274
22
444
610
106852
254
2350
1297
11
22
7335
166753
64
97881
771
11
30818
753
64873
559
86490
107
202
3711
1115
2502
231
3932
149
1009
330
21
1297
1115
256
130016
1010
6930
1755
352
129
31063
770
2409
440
64873
20365
286
301
713
31
780
10491
2216
74
30
234
6273
718
93
31838
4066
149934
34437
30
3503
559
330
278
2
121566
753
731
1344
3946
116
69308
3998
106
490
304
2350
31589
101441
3998
3446
219
165026
3369
5601
559
121566
7218
3
610
66
81522
50071
64873
38822
3570
4
330
202
34129
270
286
273
22
104
1729
1115
14
56106
32348
71
3716
114
769
247
73055
465
706
81940
301
330
444
202
110
10491
322
5591
29
31849
152126
82754
71168
6274
86490
118618
322
20343
34448
85228
1344
113
687
36013
36056
1312
34127
4066
233
731
336
508
106
731
5693
554
3946
618
5609
610
719
10494
1244
30
127
444
6872
106391
349
20
6932
2
731
27
718
1032
4075
330
105
247
301
554
351
321
49
30816
56
16
64873
131548
731
444
6872
4123
270
201
8311
9636
86905
1297
167910
51
99212
201
149
74
20
228
6334
769
610
54
1604
1604
114
300
116
81940
769
6932
220
681
5591
402
164452
6014
1699
84404
339
1
10494
1297
1743
202
542
152126
69308
6274
152126
4058
10494
286
663
731
202
49
7
805
2841
86490
716
63787
3507
731
8311
33854
49138
270
31849
167331
1729
565
731
718
316
19
4058
30
731
66681
731
118618
40276
594
136749
1534
127
30
3813
5709
38821
141
9090
360
29010
6937
1010
31081
56439
225
260
300
9652
31589
128493
312
34111
6014
681
92
553
38822
152126
20
304
36037
90249
29010
29
481
2
129
3342
402
97881
31589
59
3719
686
64873
81940
19952
200
3998
29140
86069
10400
31589
40274
662
447
152126
149934
554
34448
422
1124
48828
7
1743
270
5693
49138
130016
30818
706
34152
49
36011
1297
322
542
29
313
69308
41
559
1729
883
49
780
152126
23
3508
370
271
687
34152
234
202
130016
1297
30818
1297
201
3872
770
39951
38821
286
19952
1729
770
13
4066
20365
2406
31838
8
46
3342
90
67835
1111
88
82754
20
167910
64873
34
434
50071
895
322
586
508
2352
223
8
434
4058
438
769
10400
6930
330
85
286
559
66318
39951
64859
34129
321
2490
339
53
35
5709
40
10576
559
106852
202
219
3998
5591
753
132593
1115
19
90249
10491
753
312
36607
202
123
316
618
1111
10479
6274
33
463
3932
141
120
1012
300
312
10400
83160
1115
770
81940
34152
490
26917
39951
82754
38821
300
75
3570
40274
271
1743
29010
225
38
4
3
6014
35
10400
118618
10479
3342
113
34129
31837
38821
152678
83995
40855
624
29
40276
731
3932
1009
402
34
9636
3551
29010
50071
48
753
1115
5709
6937
488
20
200
594
4075
36056
36037
72675
9652
770
128493
68938
67775
6375
604
2350
16
84404
67775
83584
127
3508
33854
1755
1032
3718
83995
301
40855
92
278
878
121566
5591
69308
3802
1666
1666
9652
805
3792
81940
481
34448
141
1297
10494
118618
2490
3508
39951
20
1115
4058
13
301
270
2490
2406
122059
130016
27375
706
41
31081
38242
770
878
131566
304
36056
36056
121566
1781
878
2896
878
465
165026
36037
28773
465
1115
38
119105
31589
1698
1115
5591
14
684
41
66318
84407
45
460
131548
3342
3932
731
465
3507
74
9636
278
27613
166753
149934
301
939
4
1743
131548
6930
200
38821
49138
39396
3718
71
38821
447
106
264
771
31589
48828
339
254
67775
271
6872
56106
1666
219
84
304
36013
10400
1436
66318
10400
104
48828
19
165601
391
39396
440
71
49
202
304
36011
3342
31589
770
31838
50071
254
769
6932
339
28
3946
6014
301
286
141
19
731
548
780
352
330
3445
20
34111
550
444
618
542
1111
29
36056
8813
4066
10400
753
99212
63787
3932
81940
40276
38821
260
1302
81940
49
1729
769
19952
74
731
7
149934
23
50071
769
550
106852
390
66683
36321
66312
270
3570
313
301
50071
50071
31589
256
123
286
286
106391
1115
438
34127
6
3998
84817
41
36011
488
719
135168
2260
131548
19
104
31081
770
1010
114
83160
1010
107
34111
3551
10400
121566
121
64873
35484
770
31589
84404
82754
6375
202
22
438
36056
444
3946
1111
447
90249
1698
1010
130016
610
1728
114
20343
1698
66318
29140
339
594
33854
771
67775
1438
465
6932
36037
123
32
272
121566
1666
10576
31573
3932
5693
36011
81522
402
165601
465
104
20365
750
226
1728
131548
3998
3932
231
301
273
59
21
2896
31063
31838
114
131548
260
36056
135168
1666
8446
189
200
202
123
6375
621
25125
34129
67775
71163
105
1588
10491
1009
780
1012
2216
339
3507
1121
83160
92
40274
142
63787
36587
131548
10494
6273
432
1297
130016
201
106
34127
136749
3998
780
36587
542
8311
129507
550
73055
84
1302
270
9652
31838
3932
113
271
9652
23
431
3719
119105
772
107
444
233
189
64873
202
40
450
84407
234
186
447
4075
311
50071
31589
99212
30818
3342
85228
221
391
66318
165026
128
1630
165026
83992
1128
420
100992
74
125
31589
202
233
770
4075
34127
29140
1588
69308
97884
121566
46
1702
68
71163
20365
270
460
26013
84
38821
90
1534
249
715
878
1666
27379
30
465
167910
30
6274
662
33854
73055
4
38846
1344
39951
14
3932
0
97884
5759
26917
264
83160
1121
31589
5542
2260
219
402
780
260
65232
40280
724
200
36
271
3932
270
4127
9652
98326
31589
2490
447
21
730
4075
119105
50071
36013
1698
5591
39396
30
6269
300
40
130016
79532
66318
352
770
72675
114786
38821
64873
6
444
3507
681
316
63
1344
508
121566
6
97881
270
4075
66681
3932
68
5693
351
131548
30
31573
594
249
4075
40276
38822
31838
1012
724
28773
9090
6932
30
79532
40295
3932
127
6872
0
83160
463
202
7
1698
121566
484
48
105
40855
36056
151
120
49138
30818
86490
6375
594
31589
34437
313
488
252
19952
316
38821
39951
1012
312
36011
2505
6375
895
438
31589
460
121566
1346
750
38822
6
1115
40230
123
81522
119105
37
38821
9
618
67775
1534
93
2505
1328
354
286
624
3507
48519
125
7335
43
718
83160
165026
219
116
780
141
354
53
31063
753
6014
49138
272
22
149
200
1699
189
136749
465
6872
83161
39951
2260
165026
450
270
1010
460
313
2350
121074
135168
83160
3998
86490
460
27610
225
50071
93
119105
84
731
770
39
114786
30
50092
1699
770
40230
56106
247
939
432
30806
8446
770
125
304
6
771
7218
270
64
9090
663
286
6
1115
38244
38821
38821
8461
301
84
114786
716
225
941
25567
301
36056
23
272
48519
113
2896
86490
805
63791
25116
432
402
7218
74
19
10400
770
202
36011
4075
610
444
300
724
121566
223
2490
5709
46
26917
878
165026
330
69308
31589
731
391
718
25
106
38244
40295
1588
34111
34436
50092
8461
1344
270
1115
34437
105
10479
3
131566
119105
444
4
32348
40280
67775
38242
118618
38821
1666
663
1005
38821
36056
22
1005
81522
731
40
152678
3445
2352
3718
1092
3792
84
50071
10576
5609
4066
29
114
1630
718
202
618
304
1297
31589
49138
1115
165026
83160
53
8518
465
41
74
36056
507
286
7
1781
300
301
438
2
6274
312
272
66681
10400
1128
687
136227
836
19952
233
437
3551
724
321
559
557
116
300
38805
501
130016
438
878
780
1534
71163
3932
64873
6932
2490
687
6269
112
6
6937
272
260
50071
25125
111472
84817
165601
771
883
1604
50092
687
2260
106
3932
30
149934
6
131548
90
38821
663
49138
33854
68
769
27
6
84
127
6375
86076
286
119105
41
36011
2505
1111
1111
270
234
5759
5709
104
6937
300
29010
686
87
594
490
2409
27613
10491
68
120
553
30
49
10400
313
604
27613
6872
771
286
93
34437
270
719
550
437
3813
149
186
8461
30
278
234
64863
434
19
286
256
27613
6872
40276
99212
38244
63791
753
67775
3716
252
36056
131548
349
1728
1244
83995
30
43
370
780
107
488
878
36607
321
187
2490
4075
81522
39951
83995
56
2260
34111
207
770
354
3
465
3551
26013
713
594
23
99212
33
221
152126
724
189
90249
1111
16
321
136749
38821
84
826
354
81940
71163
731
37
33854
116
88569
431
27
710
1436
1346
770
2505
19
106852
201
313
86905
6932
624
56106
31838
64873
508
270
71168
7218
5542
2216
50092
67775
29
19
508
71168
780
9636
508
304
280
731
275
113
6375
256
1699
131548
31838
81940
47
38821
88
186
264
7335
53
624
131548
118618
31837
38805
939
31837
1115
34437
136749
20
85228
3707
3932
93
3932
595
69308
50092
20
4
9090
64873
301
113
354
28
29140
554
390
72675
36321
68202
106
9652
431
447
31589
465
31589
444
1316
5693
2409
770
3716
79532
36321
166753
165026
34129
165026
1111
3932
19
273
13
249
260
770
6930
40
20
27613
36874
49138
301
148296
31838
1092
165026
770
2502
165026
315
450
71
2502
3719
3932
31063
121566
1244
1534
706
31589
40276
604
444
395
6872
152126
1160
128493
3575
200
135168
731
878
37
131548
36321
47
316
84
460
6
38244
3932
93
158
63787
34178
165601
39
223
30818
86490
3716
731
1344
69308
127
31573
1743
27613
152678
2260
84404
4
3718
780
29
202
81940
30
354
304
681
127
256
223
2502
1685
1
225
3
260
10494
360
3998
270
34129
105
131548
7335
7218
1244
6930
490
69308
4066
706
4066
438
1009
31589
9090
202
594
706
87
770
51
7335
7218
11
1111
420
550
20365
481
141
31063
23
14
50071
434
136749
20365
149934
149
50092
49
92
5693
362
36874
67775
127
2350
56
1302
20
136749
687
553
713
149
3997
753
152126
718
81946
1092
166753
106391
769
137796
38821
36011
202
438
9636
1244
53
769
189
27613
10491
1244
1772
69308
8311
6330
64873
31589
91
1111
135168
1111
202
375
35
5709
149
33854
108
40230
23
23
84817
5601
23
149387
10491
272
128
1534
1244
3570
13
38821
21
687
300
270
113
84407
2216
40276
10494
30818
6932
438
129
1092
6375
231
559
31849
687
200
121566
304
34436
313
45
219
7335
167910
878
27
122059
132593
83160
8
34437
107
136749
40280
548
202
14
731
460
488
724
264
270
97881
19
1781
64863
160468
50071
6937
264
770
34152
247
50071
136749
1344
1534
26
84
1630
710
33
9090
90
47
1743
354
770
26013
481
26013
3507
681
92
35
1666
8461
8311
2352
92
8
2260
27613
67775
50071
31063
6
9090
4123
200
437
488
83160
30818
10576
50092
825
771
66318
3342
3507
6932
286
165026
10494
64859
8446
559
706
81940
731
66681
30818
313
447
1604
687
301
141
5601
225
3443
6930
86076
5609
402
1111
92
152678
32098
3734
88
5591
106
226
3716
96
559
39951
129
6014
780
3932
39951
836
300
715
131548
50071
127
84404
3369
422
38821
200
83160
594
65
31589
706
83995
1630
92
63787
270
715
438
73055
36607
68202
1604
3716
46
54
3445
315
8
10479
64
2352
86490
2
300
465
264
38805
64873
24
6930
322
30806
36056
9636
84
30
10494
846
2
36607
19
116
152678
31838
771
56
687
391
91
1115
129
1160
20562
40
301
4127
465
771
39951
10400
142
28773
69308
96
4
165026
270
4
5709
92
339
488
10576
31081
4075
1115
4075
34127
40230
223
40280
142
1604
9652
166753
769
202
98326
3570
10400
780
4075
223
2350
34129
32
438
25567
121566
1630
27610
20365
846
55
278
753
27
5709
53
127987
7218
127
1344
1728
17
26013
4
79532
84404
3342
9636
81522
6375
1698
149
36056
6932
202
3932
152126
10400
110
127
1244
2352
5709
1698
286
81940
71
81940
201
27
1630
40274
465
300
3813
1032
27
724
604
50071
247
10494
438
202
67775
69
3503
450
93
228
444
200
731
939
66
41
878
107
29010
286
10491
106852
116
27
1297
105
339
233
234
1115
8461
56106
1
300
39951
1111
81522
1010
36607
3351
7335
3342
3342
128
114
86905
1
121566
1772
27
594
565
1124
187
390
20
225
82754
31589
88
715
36013
304
68
64873
312
64859
481
10479
19
79532
152126
731
270
365
1781
30
1436
624
63787
231
402
38822
5542
301
687
31849
286
36587
252
81946
202
624
40274
618
2260
4058
48
256
149
49138
51034
501
40230
484
137796
82754
72675
330
6273
30818
35
548
79532
47905
878
718
92
31838
31063
83995
165601
5591
1630
5542
90249
33854
36011
312
488
6014
780
3792
67775
110
100992
6872
99212
34111
48519
6274
3551
6
770
114
127
142
718
46
9636
167910
127
499
2406
34178
438
434
352
3997
149934
51
48
63787
34448
121057
56106
8461
33854
34448
3401
270
88
9652
770
6274
846
83160
31849
1297
83
92
391
6334
20365
117
1699
201
50071
501
100992
3342
73055
1346
5601
2406
48828
5542
731
81940
488
564
10491
3508
1772
9636
128
1666
151
272
31589
1702
321
66
165026
493
322
2350
84407
4075
1111
554
31081
34436
67775
300
10491
687
687
27
16
158
394
330
1111
90
30
4075
1699
19
264
86076
1092
81940
31063
402
6274
231
286
27
20
64873
9652
10491
731
49138
69308
226
460
1
434
553
131566
444
64859
3932
731
33
7335
220
252
152678
67775
136749
7218
252
730
31837
149387
36037
6930
444
2505
5709
23
731
1685
40276
777
1111
81946
136749
2399
770
715
8311
40855
4129
542
6330
1115
40276
7335
10400
122059
5601
559
28
402
200
3342
150
92
351
1436
6273
202
438
1111
313
20365
753
125
67775
201
67775
434
3
5709
67775
1032
27
19952
6937
272
99212
82754
460
152126
131548
1346
3
39951
40295
39951
51
300
1743
67775
67775
1534
201
731
4058
113
286
450
129507
1702
3342
312
71
438
731
6014
2952
53
118618
31589
31589
301
1010
270
731
165601
34129
3718
20
1111
135168
122059
444
30806
19
66318
36587
330
3507
300
27379
31589
41
447
286
31849
67775
6937
84
254
769
74
34127
322
32
31589
339
202
780
36874
27613
300
1729
553
3932
34
31849
165026
167331
488
508
322
84407
939
10494
3
1124
11
1316
312
3718
1128
3507
202
1344
1032
202
836
264
484
34129
846
106852
122059
38821
103
548
330
36037
391
731
769
167910
49138
165026
33
107
63
273
6932
586
19
19
5542
19
38242
322
5542
321
39396
1781
286
114
107
9090
447
481
554
135168
11
2
81537
1115
152678
99212
878
110
31081
878
122059
68
3813
1244
4075
129
123
81940
559
5601
50071
20365
731
351
1666
715
165026
200
771
5542
402
1743
30818
31589
1111
66318
36321
1729
31838
271
2490
370
3507
79532
40
67775
36607
769
780
34129
64859
444
3932
67775
81940
260
6937
71168
39951
63791
30818
127
301
67775
31589
40855
488
769
4
127
770
86052
718
10400
1534
9636
8813
1032
770
16
33854
20147
67775
481
10400
56
23
38821
136208
706
148841
687
131548
559
5591
1346
231
2490
596
304
63
63
438
1666
19
204
106391
31589
565
264
1111
40276
189
270
3946
67835
322
5759
9636
301
4075
202
731
6932
286
9636
84817
10400
74
8446
30
8458
64873
6014
322
84
4
34152
3932
2505
731
13
148296
771
3718
438
38821
553
50071
38821
34129
1032
3932
167910
10400
31849
20
1128
20562
710
338
730
780
228
1244
29
438
769
34111
86490
49138
48828
826
31573
41
260
34152
770
69308
731
272
40295
548
71
34111
19
119105
4
105
127
20365
431
770
878
275
3507
1302
2350
1666
2
3718
3342
3946
1302
771
264
152678
202
488
1588
34111
85228
5693
83995
2350
1111
40230
121566
85228
106391
6932
135168
10400
40295
71
152678
8458
34129
29010
444
53
16
3446
92
753
10491
19952
316
30
88
31589
128493
20
86905
2406
270
3802
9636
370
81940
100992
434
107
300
1698
69
5591
4075
4075
137796
610
1666
300
769
9652
770
770
36321
81940
7218
10576
1111
312
4075
40280
31063
67775
85228
36587
1534
3342
1121
90249
68
550
300
202
111472
286
846
1588
3734
152678
360
730
66681
30818
67775
548
610
17
123
777
1344
30
49138
81940
66318
36902
74
3718
1009
66312
36056
731
1111
1630
233
27613
100992
4
41
731
271
770
20562
10
10686
554
286
1244
273
750
753
73055
84
64
731
3719
27
81940
50071
878
34152
301
554
1346
69308
119
402
434
554
40280
1297
106852
31589
131548
66318
5542
20
30
39951
34436
715
36011
223
30818
85228
223
5709
40280
264
35
260
17
635
6334
231
84407
86905
46
20365
202
260
780
300
465
202
114
34127
69308
6872
127
553
10400
84
129
71
36011
432
23
270
123
2896
1729
264
136208
130016
36321
36874
99212
1005
1666
3503
9652
264
939
370
731
49138
66683
770
1666
64
39951
41
548
38821
73055
31837
86490
508
123
715
6930
878
83160
50092
65
69308
434
92
878
3342
27
165026
313
38821
431
56
3932
223
753
40295
715
3716
69
6330
770
202
27613
31838
116
50071
64859
49138
53
1534
87
31
304
300
5542
2352
152678
1346
1630
19
780
127
301
1630
81946
135168
716
81940
769
83
48519
272
271
114
26013
6932
1344
431
662
9636
27379
2490
730
34127
1009
81940
17
6
3716
38805
225
31063
64873
90
770
167331
90249
79
31589
2216
6269
444
31589
1009
4075
34129
330
165026
228
135168
34127
3342
1121
5601
770
69308
34129
548
6334
50092
106391
201
6330
107
260
330
38821
548
67775
31081
33854
6375
123
6273
621
770
41
753
149
286
1111
36037
81946
2350
67835
165026
129
301
490
68938
883
81940
438
3342
36056
200
450
152126
223
85228
1702
304
41
30
141
202
123
10400
6375
6375
878
69308
20365
770
1436
228
135168
107
64873
25116
770
805
352
770
3508
107
83995
40276
85
286
273
1032
362
286
6872
3718
152126
34129
312
330
13
252
4058
481
508
438
201
1729
868
30816
254
41
718
34111
36037
300
202
286
3950
1
2350
39396
770
322
114
1534
40855
11
8
148841
48519
9636
770
83
713
7
98326
1590
438
29
3998
30806
228
56
10400
286
1032
2505
202
1666
40295
3711
31589
189
123
30
5693
68
321
85
31589
41
34436
71163
31081
1685
121566
330
85
69308
219
10491
395
304
142
1115
48828
6
9090
41
260
34127
72675
769
72675
1124
1698
0
119105
270
161035
3443
34152
22
66312
437
604
85228
30818
1092
3946
121566
83995
85228
167910
8311
34152
0
1010
86076
4075
121566
1666
19
731
554
301
9652
5709
34129
50092
596
447
84
34111
3932
20365
66681
618
85228
3401
83160
300
167331
753
3932
31838
2260
47
330
444
2350
431
50071
114786
2350
719
189
270
686
444
1534
9652
270
152678
559
1244
200
34437
99212
610
684
4066
50071
135168
0
1702
90
270
8311
731
164452
252
201
5709
56106
79532
36902
202
4075
312
99212
444
38822
731
10400
4
137796
48519
86490
559
508
3932
731
553
2216
34437
7218
66681
330
6937
37
1698
27378
29
40230
460
2505
706
1115
769
769
99212
684
201
31589
3551
69308
34448
1781
31063
19952
4128
731
50092
375
6937
254
36011
731
84404
731
81522
122059
878
41
50071
249
128493
4
33
1346
129
434
79532
1728
402
50092
431
125
19
5542
311
103
1728
98326
2216
2409
10686
20
222
687
167910
402
553
36013
3946
3551
10491
34448
86905
19952
74
2
20365
86076
71163
67775
119105
110
460
22
39951
31837
2505
878
106391
114
9636
90249
19
129
390
878
338
149
61
286
20365
34127
38821
10496
1244
6872
434
434
40276
81940
31849
4075
225
34
136749
481
3551
770
66683
31589
1346
31573
67775
610
1302
10491
1115
202
36037
20147
10400
231
67775
107
1009
64873
33854
336
61
3
1699
50092
805
25116
165026
3718
142
23
35
123
1666
31063
34129
111472
395
49
508
31849
300
69308
618
110
706
33854
1534
88
28
64863
8311
1685
731
66681
270
488
165026
40230
85
105
706
554
586
438
131548
71163
65
686
31589
731
113
681
149
2406
31589
37
2
312
731
114
19
7
6
34129
71163
83160
6269
86490
1344
434
158
2350
36011
31081
121566
554
10479
594
7341
247
3813
16
32348
4066
81940
106852
769
5693
84407
286
9636
3946
152126
565
724
67775
7218
490
64859
83
254
322
6014
254
20
40230
3932
6930
542
69
3342
165026
38821
20365
1115
753
260
1244
40276
730
110
939
36607
67775
3507
8461
488
158
1666
4128
402
550
731
1671
40855
100992
750
1115
770
2350
5693
8311
8458
36321
131566
2409
83160
36037
149934
706
186
939
272
82754
2502
330
2505
731
107
770
40295
715
31081
113
1781
3946
81940
6
51034
39396
131548
548
490
770
31063
142
270
38821
128493
6334
123
1666
1666
434
731
34111
92
103
36011
36056
86490
121566
1743
2505
336
50092
46
31589
50071
202
36037
108
152126
550
684
883
481
51
460
131548
86052
72675
31589
1244
40276
100992
780
1010
121566
6932
249
20365
31081
780
223
231
683
81940
3998
118618
1302
9652
444
119105
7335
38244
31838
1312
81940
7
5759
28773
753
681
119105
6273
40276
38244
10496
6872
86069
114
63791
38821
753
107
119105
6014
50092
4123
40855
66312
2505
264
90
11
1666
88569
1698
32
10400
83995
56
20
770
152126
130016
3
114
50071
127
186
225
31849
66318
770
8311
6872
1729
718
38821
542
1685
86490
2350
100992
730
434
731
83160
81522
488
49138
186
247
9
336
1111
104
548
249
878
481
69
431
10491
939
8311
12
200
351
304
33854
604
3443
286
48828
1010
63
3
1666
83177
104
330
360
7218
113
29
4066
6932
50092
189
465
1297
731
26013
93
87
135168
370
50071
354
113
201
1685
122059
90249
8446
6334
86069
3711
1344
715
30
3443
1666
64859
31063
3718
19952
731
304
7218
7218
6872
438
129
3342
50071
61
36056
39396
604
61
3718
501
338
444
7218
34178
20
64863
118618
770
90249
780
20365
771
202
231
69308
36607
40
1
189
31838
127
10491
66318
548
23
26013
836
1009
8446
84
33854
201
2350
7335
98326
40295
83160
444
38821
5709
465
127
71
106
31589
481
98326
488
270
2505
49
59
6274
97884
1297
23
3998
32
1755
220
6932
550
596
402
202
150
152678
48828
4
39951
715
149
202
223
596
587
81940
73055
273
3507
119105
3802
200
6
38821
31589
3446
36037
36037
105
31837
6872
59
447
20365
3369
686
119105
149
1588
97884
444
2350
370
724
3716
330
10576
38821
53
81940
128493
3802
20365
548
4075
150
553
254
166753
201
79532
69308
273
2350
135168
8458
27
20562
104
82754
434
92
322
7335
1702
301
354
6932
604
1297
3813
3932
142
72675
1588
3946
10479
33
771
110
301
10479
465
38242
27
1121
10494
31837
7
33
31838
31573
565
48519
3813
34129
3719
460
301
770
484
48519
3711
5709
59
81940
2490
167910
34111
10479
129
5709
718
5591
553
1302
81940
233
731
19
152126
6872
81940
391
3446
254
6930
1010
713
3570
624
5709
330
1604
8458
67835
50071
20
554
10666
40
105
74
5693
1111
3716
67775
27
481
39396
1092
187
8446
51
2350
360
1534
260
438
121566
93
391
2490
595
3813
92
131548
36607
34111
23
731
1
2216
264
559
4066
31081
1702
29010
3792
4075
402
10479
825
20
301
10479
1743
1346
6932
73055
8
90
93
4127
64859
715
4
4
1010
718
11
247
272
67775
29010
1344
7335
8446
34437
34111
718
26013
1111
618
31063
256
846
349
101441
3718
219
186
28
136749
7
687
713
1729
771
48519
2350
1743
718
125
66312
780
270
2260
1111
152126
136227
34436
48519
488
6
352
1111
3932
339
273
1244
1297
437
718
19
1438
438
6375
687
2409
1346
119105
339
123
152126
6273
770
618
104
136749
465
3507
85
1728
444
73055
715
6932
31063
36037
10496
769
402
20365
554
447
1685
31849
8813
127
447
30816
107
437
1699
770
68938
32
3719
1124
9090
31589
65
3932
1590
34127
731
1344
1
219
127
3946
4
26917
2260
753
1671
107
25567
130016
105
4066
36037
37
41
559
27613
49138
3342
31573
30
481
13
402
260
718
79532
225
30818
24
1
30
121074
41
50071
100992
1344
1702
49138
1009
554
3551
167331
29010
1009
301
121566
6
83160
167910
56106
167331
7335
201
56
1685
34129
3443
300
1115
11
39
770
72675
136749
780
202
64873
2505
7218
151
1111
38821
395
167331
142
105
31589
270
5542
10491
34436
81946
71
488
1
7335
36056
731
72675
131548
322
53
66318
225
36874
6872
260
610
304
201
186
270
34127
6
19
149
1698
5601
8311
252
27
447
304
256
354
74
1346
719
100992
610
565
31589
202
40855
834
0
595
167910
30
63
66318
84407
83
3551
718
1436
69308
69308
770
118618
84404
22
3718
3946
31589
5709
36037
28
107
36013
301
1436
286
6375
36056
339
2409
731
6330
5542
69308
460
594
769
300
5709
84407
777
247
69308
772
106
30
10491
20
118618
33854
548
34437
663
167331
114
1666
286
132593
49
6375
1755
4075
50092
114
31081
40295
1010
770
1111
93
5693
438
2350
2502
272
68
438
687
22
5591
508
24
82754
718
731
136749
4128
161035
3950
234
34127
321
36037
38244
3342
40274
125
286
252
25116
81940
84407
7335
51
114
20365
550
67775
33854
130016
26013
61
731
1755
142
36056
1630
6273
301
508
256
50071
39951
125
460
1
6932
154
272
9636
3932
36607
5609
3718
8458
125
112
8446
3
313
36587
1244
322
3932
481
770
488
19
223
370
81940
36013
336
165026
6930
29010
1743
38821
49
53
167331
121566
20
311
10491
36013
770
99212
27
6872
336
20147
63787
1009
35
39951
81940
113
11
187
4
121566
286
129507
5591
135168
30
780
71168
2350
3932
121566
6
21
278
6375
272
81940
3443
444
149387
56
6274
4075
846
28
362
67775
1012
271
69
278
5709
508
50071
132079
6274
450
113
10400
121566
301
64873
6375
834
187
432
1010
868
4
2350
7218
5759
4075
66681
548
256
116
14
550
22
3443
39951
275
49138
100992
63
718
450
40230
548
40276
706
10491
488
1115
71
36037
6930
231
8311
90249
8418
34152
434
113
74
322
50071
554
117
444
142
233
36056
107
1111
72296
231
447
316
770
1666
201
136749
507
542
321
391
3342
30
352
354
225
88
118618
69308
20365
38821
10400
125
28
687
402
167331
713
127987
48828
1534
71
305
286
6932
604
36056
29
1743
713
30
311
11
559
4058
141
38821
33
50071
90249
48828
8311
40276
81940
16
301
553
391
402
6274
3711
313
152678
187
225
149
304
29
6932
19952
22
34127
826
223
38821
375
34448
202
40295
1115
27379
122059
286
1729
437
114
1005
31849
1009
34152
753
6375
434
375
20
770
31849
1699
878
83
122059
706
1344
68
716
313
38821
7341
559
30816
19
189
770
20365
34448
30
34152
5693
2490
30
165601
8311
431
484
79
31837
79532
121566
2841
330
247
663
64873
434
53
25567
3813
128
34111
19
1344
103
223
1534
1344
581
10491
202
45
3445
1111
488
28
706
1111
64873
321
825
73055
1010
30
38821
41
137796
83161
5609
152126
26013
3342
165026
3
93
9636
5709
225
6334
431
2409
63791
104
710
104
1344
3342
3719
38821
46
3507
1111
158
805
1115
1699
165026
225
189
131036
1244
1743
72675
9652
663
780
84407
31063
1781
4
719
30
565
10491
304
360
713
2
564
731
315
38821
41
30818
6269
